This file contains any messages produced by compilers while
running configure, to aid debugging if configure makes a mistake.

It was created by tpad configure 7.0.0.0, which was
generated by GNU Autoconf 2.72.  Invocation command line was

  $ ./configure

## --------- ##
## Platform. ##
## --------- ##

hostname = Andrews-Mac-Studio.local
uname -m = arm64
uname -r = 24.5.0
uname -s = Darwin
uname -v = Darwin Kernel Version 24.5.0: Wed Mar 26 22:22:05 PDT 2025; root:xnu-11417.120.80.501.1~2/RELEASE_ARM64_T6020

/usr/bin/uname -p = arm
/bin/uname -X     = unknown

/bin/arch              = unknown
/usr/bin/arch -k       = unknown
/usr/convex/getsysinfo = unknown
/usr/bin/hostinfo      = Mach kernel version:
	 Darwin Kernel Version 24.5.0: Wed Mar 26 22:22:05 PDT 2025; root:xnu-11417.120.80.501.1~2/RELEASE_ARM64_T6020
Kernel configured for up to 12 processors.
12 processors are physically available.
12 processors are logically available.
Processor type: arm64e (ARM64E)
Processors active: 0 1 2 3 4 5 6 7 8 9 10 11
Primary memory available: 64.00 gigabytes
Default processor set: 854 tasks, 4205 threads, 12 processors
Load average: 8.69, Mach factor: 3.45
/bin/machine           = unknown
/usr/bin/oslevel       = unknown
/bin/universe          = unknown

PATH: /Library/Frameworks/Python.framework/Versions/3.13/bin/
PATH: /Library/Java/JavaVirtualMachines/graalvm-jdk-24+36.1/Contents/Home/bin/
PATH: /usr/local/bin/
PATH: /System/Cryptexes/App/usr/bin/
PATH: /usr/bin/
PATH: /bin/
PATH: /usr/sbin/
PATH: /sbin/
PATH: /var/run/com.apple.security.cryptexd/codex.system/bootstrap/usr/local/bin/
PATH: /var/run/com.apple.security.cryptexd/codex.system/bootstrap/usr/bin/
PATH: /var/run/com.apple.security.cryptexd/codex.system/bootstrap/usr/appleinternal/bin/
PATH: /opt/X11/bin/
PATH: //Applications/Topaz Gigapixel AI.app/Contents/Resources/bin/
PATH: /Library/Apple/usr/bin/
PATH: /opt/ant/bin/
PATH: /usr/local/clamav/bin/
PATH: /usr/local/share/dotnet/
PATH: ~/.dotnet/tools/
PATH: /Users/andrewsmith/emsdk/emsdk/
PATH: /Users/andrewsmith/emsdk/emsdk/upstream/emscripten/
PATH: /usr/local/go/bin/
PATH: /opt/gradle/gradle-8.13/bin/
PATH: /Library/Java/JavaVirtualMachines/graalvm-jdk-24+36.1/Contents/Home/bin/
PATH: /opt/javacc/bin/
PATH: /opt/maven/bin/
PATH: /Users/andrewsmith/Library/Python/3.13/bin/
PATH: /Library/Frameworks/Python.framework/Versions/3.13/bin/
PATH: /opt/Qt/6.7.0/macos/bin/
PATH: /opt/Qt/6.7.0/macos/libexec/
PATH: /opt/Qt/Tools/sdktool/libexec/
PATH: /Users/andrewsmith/.cargo/bin/


## ----------- ##
## Core tests. ##
## ----------- ##

configure:2973: looking for aux files: ltmain.sh config.guess config.sub compile missing install-sh
configure:2986:  trying ./
configure:3015:   ./ltmain.sh found
configure:3015:   ./config.guess found
configure:3015:   ./config.sub found
configure:3015:   ./compile found
configure:3015:   ./missing found
configure:2997:   ./install-sh found
configure:3148: checking for a BSD-compatible install
configure:3222: result: /usr/local/bin/install -c
configure:3233: checking whether sleep supports fractional seconds
configure:3249: result: yes
configure:3252: checking filesystem timestamp resolution
configure:3387: result: 2
configure:3392: checking whether build environment is sane
configure:3433: result: yes
configure:3604: checking for a race-free mkdir -p
configure:3647: result: /usr/local/bin/mkdir -p
configure:3654: checking for gawk
configure:3675: found /usr/local/bin/gawk
configure:3687: result: gawk
configure:3698: checking whether make sets $(MAKE)
configure:3722: result: yes
configure:3748: checking whether make supports nested variables
configure:3767: result: yes
configure:3781: checking xargs -n works
configure:3797: result: yes
configure:3896: Configuring tpad 7.0.0.0
configure:3988: checking for g++
configure:4009: found /usr/bin/g++
configure:4021: result: g++
configure:4048: checking for C++ compiler version
configure:4057: g++ --version >&5
Apple clang version 17.0.0 (clang-1700.0.13.3)
Target: arm64-apple-darwin24.5.0
Thread model: posix
InstalledDir: /Applications/Xcode.app/Contents/Developer/Toolchains/XcodeDefault.xctoolchain/usr/bin
configure:4068: $? = 0
configure:4057: g++ -v >&5
Apple clang version 17.0.0 (clang-1700.0.13.3)
Target: arm64-apple-darwin24.5.0
Thread model: posix
InstalledDir: /Applications/Xcode.app/Contents/Developer/Toolchains/XcodeDefault.xctoolchain/usr/bin
configure:4068: $? = 0
configure:4057: g++ -V >&5
clang++: error: argument to '-V' is missing (expected 1 value)
clang++: error: no input files
configure:4068: $? = 1
configure:4057: g++ -qversion >&5
clang++: error: unknown argument '-qversion'; did you mean '--version'?
clang++: error: no input files
configure:4068: $? = 1
configure:4088: checking whether the C++ compiler works
configure:4110: g++    conftest.cpp  >&5
configure:4114: $? = 0
configure:4165: result: yes
configure:4169: checking for C++ compiler default output file name
configure:4171: result: a.out
configure:4177: checking for suffix of executables
configure:4184: g++ -o conftest    conftest.cpp  >&5
configure:4188: $? = 0
configure:4212: result: 
configure:4236: checking whether we are cross compiling
configure:4244: g++ -o conftest    conftest.cpp  >&5
configure:4248: $? = 0
configure:4255: ./conftest
configure:4259: $? = 0
configure:4274: result: no
configure:4280: checking for suffix of object files
configure:4303: g++ -c   conftest.cpp >&5
configure:4307: $? = 0
configure:4331: result: o
configure:4335: checking whether the compiler supports GNU C++
configure:4355: g++ -c   conftest.cpp >&5
configure:4355: $? = 0
configure:4367: result: yes
configure:4378: checking whether g++ accepts -g
configure:4399: g++ -c -g  conftest.cpp >&5
configure:4399: $? = 0
configure:4446: result: yes
configure:4466: checking for g++ option to enable C++11 features
configure:4481: g++  -c -g -O2  conftest.cpp >&5
conftest.cpp:177:25: warning: empty parentheses interpreted as a function declaration [-Wvexing-parse]
  177 |   cxx11test::delegate d2();
      |                         ^~
conftest.cpp:177:25: note: remove parentheses to declare a variable
  177 |   cxx11test::delegate d2();
      |                         ^~
1 warning generated.
configure:4481: $? = 0
configure:4500: result: none needed
configure:4572: checking whether make supports the include directive
configure:4587: make -f confmf.GNU && cat confinc.out
this is the am__doit target
configure:4590: $? = 0
configure:4609: result: yes (GNU style)
configure:4635: checking dependency style of g++
configure:4748: result: gcc3
configure:4767: checking for gawk
configure:4800: result: gawk
configure:4874: checking for gcc
configure:4895: found /usr/bin/gcc
configure:4907: result: gcc
configure:5266: checking for C compiler version
configure:5275: gcc --version >&5
Apple clang version 17.0.0 (clang-1700.0.13.3)
Target: arm64-apple-darwin24.5.0
Thread model: posix
InstalledDir: /Applications/Xcode.app/Contents/Developer/Toolchains/XcodeDefault.xctoolchain/usr/bin
configure:5286: $? = 0
configure:5275: gcc -v >&5
Apple clang version 17.0.0 (clang-1700.0.13.3)
Target: arm64-apple-darwin24.5.0
Thread model: posix
InstalledDir: /Applications/Xcode.app/Contents/Developer/Toolchains/XcodeDefault.xctoolchain/usr/bin
configure:5286: $? = 0
configure:5275: gcc -V >&5
clang: error: argument to '-V' is missing (expected 1 value)
clang: error: no input files
configure:5286: $? = 1
configure:5275: gcc -qversion >&5
clang: error: unknown argument '-qversion'; did you mean '--version'?
clang: error: no input files
configure:5286: $? = 1
configure:5275: gcc -version >&5
clang: error: unknown argument '-version'; did you mean '--version'?
clang: error: no input files
configure:5286: $? = 1
configure:5290: checking whether the compiler supports GNU C
configure:5310: gcc -c   conftest.c >&5
configure:5310: $? = 0
configure:5322: result: yes
configure:5333: checking whether gcc accepts -g
configure:5354: gcc -c -g  conftest.c >&5
configure:5354: $? = 0
configure:5401: result: yes
configure:5421: checking for gcc option to enable C11 features
configure:5436: gcc  -c -g -O2  conftest.c >&5
configure:5436: $? = 0
configure:5455: result: none needed
configure:5579: checking whether gcc understands -c and -o together
configure:5602: gcc -c conftest.c -o conftest2.o
configure:5605: $? = 0
configure:5602: gcc -c conftest.c -o conftest2.o
configure:5605: $? = 0
configure:5618: result: yes
configure:5637: checking dependency style of gcc
configure:5750: result: gcc3
configure:5770: checking how to run the C preprocessor
configure:5796: gcc -E  conftest.c
configure:5796: $? = 0
configure:5812: gcc -E  conftest.c
conftest.c:11:10: fatal error: 'ac_nonexistent.h' file not found
   11 | #include <ac_nonexistent.h>
      |          ^~~~~~~~~~~~~~~~~~
1 error generated.
configure:5812: $? = 1
configure: failed program was:
| /* confdefs.h */
| #define PACKAGE_NAME "tpad"
| #define PACKAGE_TARNAME "tpad"
| #define PACKAGE_VERSION "7.0.0.0"
| #define PACKAGE_STRING "tpad 7.0.0.0"
| #define PACKAGE_BUGREPORT "https://bugs.launchpad.net/tpad-project/+filebug"
| #define PACKAGE_URL ""
| #define PACKAGE "tpad"
| #define VERSION "7.0.0.0"
| /* end confdefs.h.  */
| #include <ac_nonexistent.h>
configure:5841: result: gcc -E
configure:5855: gcc -E  conftest.c
configure:5855: $? = 0
configure:5871: gcc -E  conftest.c
conftest.c:11:10: fatal error: 'ac_nonexistent.h' file not found
   11 | #include <ac_nonexistent.h>
      |          ^~~~~~~~~~~~~~~~~~
1 error generated.
configure:5871: $? = 1
configure: failed program was:
| /* confdefs.h */
| #define PACKAGE_NAME "tpad"
| #define PACKAGE_TARNAME "tpad"
| #define PACKAGE_VERSION "7.0.0.0"
| #define PACKAGE_STRING "tpad 7.0.0.0"
| #define PACKAGE_BUGREPORT "https://bugs.launchpad.net/tpad-project/+filebug"
| #define PACKAGE_URL ""
| #define PACKAGE "tpad"
| #define VERSION "7.0.0.0"
| /* end confdefs.h.  */
| #include <ac_nonexistent.h>
configure:5904: checking whether ln -s works
configure:5908: result: yes
configure:5915: checking whether make sets $(MAKE)
configure:5939: result: yes
configure:5997: checking for ranlib
configure:6018: found /usr/local/bin/ranlib
configure:6030: result: ranlib
configure:6054: checking for inline
configure:6071: gcc -c -g -O2  conftest.c >&5
configure:6071: $? = 0
configure:6081: result: inline
configure:6103: checking for stdio.h
configure:6103: gcc -c -g -O2  conftest.c >&5
configure:6103: $? = 0
configure:6103: result: yes
configure:6103: checking for stdlib.h
configure:6103: gcc -c -g -O2  conftest.c >&5
configure:6103: $? = 0
configure:6103: result: yes
configure:6103: checking for string.h
configure:6103: gcc -c -g -O2  conftest.c >&5
configure:6103: $? = 0
configure:6103: result: yes
configure:6103: checking for inttypes.h
configure:6103: gcc -c -g -O2  conftest.c >&5
configure:6103: $? = 0
configure:6103: result: yes
configure:6103: checking for stdint.h
configure:6103: gcc -c -g -O2  conftest.c >&5
configure:6103: $? = 0
configure:6103: result: yes
configure:6103: checking for strings.h
configure:6103: gcc -c -g -O2  conftest.c >&5
configure:6103: $? = 0
configure:6103: result: yes
configure:6103: checking for sys/stat.h
configure:6103: gcc -c -g -O2  conftest.c >&5
configure:6103: $? = 0
configure:6103: result: yes
configure:6103: checking for sys/types.h
configure:6103: gcc -c -g -O2  conftest.c >&5
configure:6103: $? = 0
configure:6103: result: yes
configure:6103: checking for unistd.h
configure:6103: gcc -c -g -O2  conftest.c >&5
configure:6103: $? = 0
configure:6103: result: yes
configure:6103: checking for vfork.h
configure:6103: gcc -c -g -O2  conftest.c >&5
conftest.c:48:10: fatal error: 'vfork.h' file not found
   48 | #include <vfork.h>
      |          ^~~~~~~~~
1 error generated.
configure:6103: $? = 1
configure: failed program was:
| /* confdefs.h */
| #define PACKAGE_NAME "tpad"
| #define PACKAGE_TARNAME "tpad"
| #define PACKAGE_VERSION "7.0.0.0"
| #define PACKAGE_STRING "tpad 7.0.0.0"
| #define PACKAGE_BUGREPORT "https://bugs.launchpad.net/tpad-project/+filebug"
| #define PACKAGE_URL ""
| #define PACKAGE "tpad"
| #define VERSION "7.0.0.0"
| #define HAVE_STDIO_H 1
| #define HAVE_STDLIB_H 1
| #define HAVE_STRING_H 1
| #define HAVE_INTTYPES_H 1
| #define HAVE_STDINT_H 1
| #define HAVE_STRINGS_H 1
| #define HAVE_SYS_STAT_H 1
| #define HAVE_SYS_TYPES_H 1
| #define HAVE_UNISTD_H 1
| /* end confdefs.h.  */
| #include <stddef.h>
| #ifdef HAVE_STDIO_H
| # include <stdio.h>
| #endif
| #ifdef HAVE_STDLIB_H
| # include <stdlib.h>
| #endif
| #ifdef HAVE_STRING_H
| # include <string.h>
| #endif
| #ifdef HAVE_INTTYPES_H
| # include <inttypes.h>
| #endif
| #ifdef HAVE_STDINT_H
| # include <stdint.h>
| #endif
| #ifdef HAVE_STRINGS_H
| # include <strings.h>
| #endif
| #ifdef HAVE_SYS_TYPES_H
| # include <sys/types.h>
| #endif
| #ifdef HAVE_SYS_STAT_H
| # include <sys/stat.h>
| #endif
| #ifdef HAVE_UNISTD_H
| # include <unistd.h>
| #endif
| #include <vfork.h>
configure:6103: result: no
configure:6128: checking for size_t
configure:6128: gcc -c -g -O2  conftest.c >&5
configure:6128: $? = 0
configure:6128: gcc -c -g -O2  conftest.c >&5
conftest.c:52:21: error: expected expression
   52 | if (sizeof ((size_t)))
      |                     ^
1 error generated.
configure:6128: $? = 1
configure: failed program was:
| /* confdefs.h */
| #define PACKAGE_NAME "tpad"
| #define PACKAGE_TARNAME "tpad"
| #define PACKAGE_VERSION "7.0.0.0"
| #define PACKAGE_STRING "tpad 7.0.0.0"
| #define PACKAGE_BUGREPORT "https://bugs.launchpad.net/tpad-project/+filebug"
| #define PACKAGE_URL ""
| #define PACKAGE "tpad"
| #define VERSION "7.0.0.0"
| #define HAVE_STDIO_H 1
| #define HAVE_STDLIB_H 1
| #define HAVE_STRING_H 1
| #define HAVE_INTTYPES_H 1
| #define HAVE_STDINT_H 1
| #define HAVE_STRINGS_H 1
| #define HAVE_SYS_STAT_H 1
| #define HAVE_SYS_TYPES_H 1
| #define HAVE_UNISTD_H 1
| #define STDC_HEADERS 1
| /* end confdefs.h.  */
| #include <stddef.h>
| #ifdef HAVE_STDIO_H
| # include <stdio.h>
| #endif
| #ifdef HAVE_STDLIB_H
| # include <stdlib.h>
| #endif
| #ifdef HAVE_STRING_H
| # include <string.h>
| #endif
| #ifdef HAVE_INTTYPES_H
| # include <inttypes.h>
| #endif
| #ifdef HAVE_STDINT_H
| # include <stdint.h>
| #endif
| #ifdef HAVE_STRINGS_H
| # include <strings.h>
| #endif
| #ifdef HAVE_SYS_TYPES_H
| # include <sys/types.h>
| #endif
| #ifdef HAVE_SYS_STAT_H
| # include <sys/stat.h>
| #endif
| #ifdef HAVE_UNISTD_H
| # include <unistd.h>
| #endif
| int
| main (void)
| {
| if (sizeof ((size_t)))
| 	    return 0;
|   ;
|   return 0;
| }
configure:6128: result: yes
configure:6140: checking for libintl.h
configure:6140: gcc -c -g -O2  conftest.c >&5
configure:6140: $? = 0
configure:6140: result: yes
configure:6146: checking for stdlib.h
configure:6146: result: yes
configure:6152: checking for string.h
configure:6152: result: yes
configure:6158: checking for syslog.h
configure:6158: gcc -c -g -O2  conftest.c >&5
configure:6158: $? = 0
configure:6158: result: yes
configure:6164: checking for unistd.h
configure:6164: result: yes
configure:6170: checking for wchar.h
configure:6170: gcc -c -g -O2  conftest.c >&5
configure:6170: $? = 0
configure:6170: result: yes
configure:6176: checking for sys/time.h
configure:6176: gcc -c -g -O2  conftest.c >&5
configure:6176: $? = 0
configure:6176: result: yes
configure:6184: checking for pid_t
configure:6184: gcc -c -g -O2  conftest.c >&5
configure:6184: $? = 0
configure:6184: gcc -c -g -O2  conftest.c >&5
conftest.c:60:20: error: expected expression
   60 | if (sizeof ((pid_t)))
      |                    ^
1 error generated.
configure:6184: $? = 1
configure: failed program was:
| /* confdefs.h */
| #define PACKAGE_NAME "tpad"
| #define PACKAGE_TARNAME "tpad"
| #define PACKAGE_VERSION "7.0.0.0"
| #define PACKAGE_STRING "tpad 7.0.0.0"
| #define PACKAGE_BUGREPORT "https://bugs.launchpad.net/tpad-project/+filebug"
| #define PACKAGE_URL ""
| #define PACKAGE "tpad"
| #define VERSION "7.0.0.0"
| #define HAVE_STDIO_H 1
| #define HAVE_STDLIB_H 1
| #define HAVE_STRING_H 1
| #define HAVE_INTTYPES_H 1
| #define HAVE_STDINT_H 1
| #define HAVE_STRINGS_H 1
| #define HAVE_SYS_STAT_H 1
| #define HAVE_SYS_TYPES_H 1
| #define HAVE_UNISTD_H 1
| #define STDC_HEADERS 1
| #define HAVE_LIBINTL_H 1
| #define HAVE_STDLIB_H 1
| #define HAVE_STRING_H 1
| #define HAVE_SYSLOG_H 1
| #define HAVE_UNISTD_H 1
| #define HAVE_WCHAR_H 1
| #define HAVE_SYS_TIME_H 1
| /* end confdefs.h.  */
| #include <stddef.h>
| #ifdef HAVE_STDIO_H
| # include <stdio.h>
| #endif
| #ifdef HAVE_STDLIB_H
| # include <stdlib.h>
| #endif
| #ifdef HAVE_STRING_H
| # include <string.h>
| #endif
| #ifdef HAVE_INTTYPES_H
| # include <inttypes.h>
| #endif
| #ifdef HAVE_STDINT_H
| # include <stdint.h>
| #endif
| #ifdef HAVE_STRINGS_H
| # include <strings.h>
| #endif
| #ifdef HAVE_SYS_TYPES_H
| # include <sys/types.h>
| #endif
| #ifdef HAVE_SYS_STAT_H
| # include <sys/stat.h>
| #endif
| #ifdef HAVE_UNISTD_H
| # include <unistd.h>
| #endif
| 
| int
| main (void)
| {
| if (sizeof ((pid_t)))
| 	    return 0;
|   ;
|   return 0;
| }
configure:6184: result: yes
configure:6227: checking for fork
configure:6227: gcc -o conftest -g -O2   conftest.c  >&5
configure:6227: $? = 0
configure:6227: result: yes
configure:6227: checking for vfork
configure:6227: gcc -o conftest -g -O2   conftest.c  >&5
conftest.c:45:6: warning: incompatible redeclaration of library function 'vfork' [-Wincompatible-library-redeclaration]
   45 | char vfork (void);
      |      ^
conftest.c:45:6: note: 'vfork' is a builtin with type 'int (void)'
1 warning generated.
configure:6227: $? = 0
configure:6227: result: yes
configure:6227: checking for vprintf
configure:6227: gcc -o conftest -g -O2   conftest.c  >&5
conftest.c:46:6: warning: incompatible redeclaration of library function 'vprintf' [-Wincompatible-library-redeclaration]
   46 | char vprintf (void);
      |      ^
conftest.c:46:6: note: 'vprintf' is a builtin with type 'int (const char *restrict, __builtin_va_list)'
1 warning generated.
configure:6227: $? = 0
configure:6227: result: yes
configure:6240: checking for working fork
configure:6264: gcc -o conftest -g -O2   conftest.c  >&5
configure:6264: $? = 0
configure:6264: ./conftest
configure:6264: $? = 0
configure:6278: result: yes
configure:6299: checking for working vfork
configure:6431: result: yes
configure:6462: checking build system type
configure:6478: result: arm-apple-darwin24.5.0
configure:6498: checking host system type
configure:6513: result: arm-apple-darwin24.5.0
configure:6533: checking for GNU libc compatible malloc
configure:6565: gcc -o conftest -g -O2   conftest.c  >&5
configure:6565: $? = 0
configure:6565: ./conftest
configure:6565: $? = 0
configure:6579: result: yes
configure:6602: checking for memset
configure:6602: gcc -o conftest -g -O2   conftest.c  >&5
conftest.c:50:6: warning: incompatible redeclaration of library function 'memset' [-Wincompatible-library-redeclaration]
   50 | char memset (void);
      |      ^
conftest.c:50:6: note: 'memset' is a builtin with type 'void *(void *, int, unsigned long)'
1 warning generated.
configure:6602: $? = 0
configure:6602: result: yes
configure:6608: checking for strrchr
configure:6608: gcc -o conftest -g -O2   conftest.c  >&5
conftest.c:51:6: warning: incompatible redeclaration of library function 'strrchr' [-Wincompatible-library-redeclaration]
   51 | char strrchr (void);
      |      ^
conftest.c:51:6: note: 'strrchr' is a builtin with type 'char *(const char *, int)'
1 warning generated.
configure:6608: $? = 0
configure:6608: result: yes
configure:6614: checking for pathconf
configure:6614: gcc -o conftest -g -O2   conftest.c  >&5
configure:6614: $? = 0
configure:6614: result: yes
configure:6620: checking for realpath
configure:6620: gcc -o conftest -g -O2   conftest.c  >&5
configure:6620: $? = 0
configure:6620: result: yes
configure:6626: checking for strerror
configure:6626: gcc -o conftest -g -O2   conftest.c  >&5
conftest.c:54:6: warning: incompatible redeclaration of library function 'strerror' [-Wincompatible-library-redeclaration]
   54 | char strerror (void);
      |      ^
conftest.c:54:6: note: 'strerror' is a builtin with type 'char *(int)'
1 warning generated.
configure:6626: $? = 0
configure:6626: result: yes
configure:6635: checking for pkg-config
configure:6658: found /usr/local/bin/pkg-config
configure:6671: result: /usr/local/bin/pkg-config
configure:6680: checking for a sed that does not truncate output
configure:6752: result: /usr/local/bin/sed
configure:6758: checking whether NLS is requested
configure:6769: result: yes
configure:6787: checking for intltool >= 0.35.0
configure:6789: result: 0.51.0 found
configure:6797: checking for intltool-update
configure:6820: found /usr/local/bin/intltool-update
configure:6833: result: /usr/local/bin/intltool-update
configure:6843: checking for intltool-merge
configure:6866: found /usr/local/bin/intltool-merge
configure:6879: result: /usr/local/bin/intltool-merge
configure:6889: checking for intltool-extract
configure:6912: found /usr/local/bin/intltool-extract
configure:6925: result: /usr/local/bin/intltool-extract
configure:7079: checking for xgettext
configure:7102: found /usr/local/bin/xgettext
configure:7115: result: /usr/local/bin/xgettext
configure:7125: checking for msgmerge
configure:7148: found /usr/local/bin/msgmerge
configure:7161: result: /usr/local/bin/msgmerge
configure:7171: checking for msgfmt
configure:7194: found /usr/local/bin/msgfmt
configure:7207: result: /usr/local/bin/msgfmt
configure:7217: checking for gmsgfmt
configure:7254: result: /usr/local/bin/msgfmt
configure:7274: checking for perl
configure:7297: found /usr/bin/perl
configure:7310: result: /usr/bin/perl
configure:7321: checking for perl >= 5.8.1
configure:7328: result: 5.34.1
configure:7332: checking for XML::Parser
configure:7335: result: ok
configure:7356: checking for locale.h
configure:7356: gcc -c -g -O2  conftest.c >&5
configure:7356: $? = 0
configure:7356: result: yes
configure:7364: checking for LC_MESSAGES
configure:7381: gcc -o conftest -g -O2   conftest.c  >&5
configure:7381: $? = 0
configure:7392: result: yes
configure:7410: checking for CFPreferencesCopyAppValue
configure:7429: gcc -o conftest -g -O2   conftest.c  -Wl,-framework -Wl,CoreFoundation >&5
conftest.c:46:27: warning: null passed to a callee that requires a non-null argument [-Wnonnull]
   46 | CFPreferencesCopyAppValue(NULL, NULL)
      |                           ^~~~
/Applications/Xcode.app/Contents/Developer/Toolchains/XcodeDefault.xctoolchain/usr/lib/clang/17/include/__stddef_null.h:26:14: note: expanded from macro 'NULL'
   26 | #define NULL ((void*)0)
      |              ^~~~~~~~~~
conftest.c:46:33: warning: null passed to a callee that requires a non-null argument [-Wnonnull]
   46 | CFPreferencesCopyAppValue(NULL, NULL)
      |                                 ^~~~
/Applications/Xcode.app/Contents/Developer/Toolchains/XcodeDefault.xctoolchain/usr/lib/clang/17/include/__stddef_null.h:26:14: note: expanded from macro 'NULL'
   26 | #define NULL ((void*)0)
      |              ^~~~~~~~~~
2 warnings generated.
configure:7429: $? = 0
configure:7441: result: yes
configure:7448: checking for CFLocaleCopyCurrent
configure:7467: gcc -o conftest -g -O2   conftest.c  -Wl,-framework -Wl,CoreFoundation >&5
configure:7467: $? = 0
configure:7479: result: yes
configure:7493: checking for libintl.h
configure:7493: result: yes
configure:7502: checking for ngettext in libc
configure:7521: gcc -o conftest -g -O2   conftest.c  >&5
Undefined symbols for architecture arm64:
  "_libintl_ngettext", referenced from:
      _main in conftest-964d01.o
ld: symbol(s) not found for architecture arm64
clang: error: linker command failed with exit code 1 (use -v to see invocation)
configure:7521: $? = 1
configure: failed program was:
| /* confdefs.h */
| #define PACKAGE_NAME "tpad"
| #define PACKAGE_TARNAME "tpad"
| #define PACKAGE_VERSION "7.0.0.0"
| #define PACKAGE_STRING "tpad 7.0.0.0"
| #define PACKAGE_BUGREPORT "https://bugs.launchpad.net/tpad-project/+filebug"
| #define PACKAGE_URL ""
| #define PACKAGE "tpad"
| #define VERSION "7.0.0.0"
| #define HAVE_STDIO_H 1
| #define HAVE_STDLIB_H 1
| #define HAVE_STRING_H 1
| #define HAVE_INTTYPES_H 1
| #define HAVE_STDINT_H 1
| #define HAVE_STRINGS_H 1
| #define HAVE_SYS_STAT_H 1
| #define HAVE_SYS_TYPES_H 1
| #define HAVE_UNISTD_H 1
| #define STDC_HEADERS 1
| #define HAVE_LIBINTL_H 1
| #define HAVE_STDLIB_H 1
| #define HAVE_STRING_H 1
| #define HAVE_SYSLOG_H 1
| #define HAVE_UNISTD_H 1
| #define HAVE_WCHAR_H 1
| #define HAVE_SYS_TIME_H 1
| #define HAVE_FORK 1
| #define HAVE_VFORK 1
| #define HAVE_VPRINTF 1
| #define HAVE_WORKING_VFORK 1
| #define HAVE_WORKING_FORK 1
| #define HAVE_MALLOC 1
| #define HAVE_MEMSET 1
| #define HAVE_STRRCHR 1
| #define HAVE_PATHCONF 1
| #define HAVE_REALPATH 1
| #define HAVE_STRERROR 1
| #define GETTEXT_PACKAGE "tpad"
| #define HAVE_LOCALE_H 1
| #define HAVE_LC_MESSAGES 1
| #define HAVE_CFPREFERENCESCOPYAPPVALUE 1
| #define HAVE_CFLOCALECOPYCURRENT 1
| /* end confdefs.h.  */
| 
| #include <libintl.h>
| 
| int
| main (void)
| {
| return !ngettext ("","", 1)
|   ;
|   return 0;
| }
configure:7533: result: no
configure:7589: checking for bindtextdomain in -lintl
configure:7618: gcc -o conftest -g -O2   conftest.c -lintl   >&5
configure:7618: $? = 0
configure:7630: result: yes
configure:7634: checking for ngettext in -lintl
configure:7663: gcc -o conftest -g -O2   conftest.c -lintl   >&5
configure:7663: $? = 0
configure:7675: result: yes
configure:7679: checking for dgettext in -lintl
configure:7708: gcc -o conftest -g -O2   conftest.c -lintl   >&5
configure:7708: $? = 0
configure:7720: result: yes
configure:7850: checking for bind_textdomain_codeset
configure:7850: gcc -o conftest -g -O2   conftest.c  -lintl  >&5
configure:7850: $? = 0
configure:7850: result: yes
configure:7885: checking for msgfmt
configure:7914: result: /usr/local/bin/msgfmt
configure:7923: checking for dcgettext
configure:7923: gcc -o conftest -g -O2   conftest.c  -lintl  -Wl,-framework -Wl,CoreFoundation >&5
configure:7923: $? = 0
configure:7923: result: yes
configure:7931: checking if msgfmt accepts -c
configure:7946: $MSGFMT -c -o /dev/null conftest.foo
conftest.foo:3: warning: header field 'Language' missing in header
configure:7949: $? = 0
configure:7951: result: yes
configure:7961: checking for gmsgfmt
configure:7998: result: /usr/local/bin/msgfmt
configure:8008: checking for xgettext
configure:8037: result: /usr/local/bin/xgettext
configure:8056: gcc -o conftest -g -O2   conftest.c  -lintl  -Wl,-framework -Wl,CoreFoundation >&5
configure:8056: $? = 0
configure:8200: checking whether to enable assertions
configure:8222: result: yes
configure:8246: checking for bind_textdomain_codeset
configure:8246: result: yes
configure:8265: checking if we are using GNU gettext
configure:8271: result: no
configure:8415: checking for magic.h
configure:8415: gcc -c -g -O2  conftest.c >&5
conftest.c:77:10: fatal error: 'magic.h' file not found
   77 | #include <magic.h>
      |          ^~~~~~~~~
1 error generated.
configure:8415: $? = 1
configure: failed program was:
| /* confdefs.h */
| #define PACKAGE_NAME "tpad"
| #define PACKAGE_TARNAME "tpad"
| #define PACKAGE_VERSION "7.0.0.0"
| #define PACKAGE_STRING "tpad 7.0.0.0"
| #define PACKAGE_BUGREPORT "https://bugs.launchpad.net/tpad-project/+filebug"
| #define PACKAGE_URL ""
| #define PACKAGE "tpad"
| #define VERSION "7.0.0.0"
| #define HAVE_STDIO_H 1
| #define HAVE_STDLIB_H 1
| #define HAVE_STRING_H 1
| #define HAVE_INTTYPES_H 1
| #define HAVE_STDINT_H 1
| #define HAVE_STRINGS_H 1
| #define HAVE_SYS_STAT_H 1
| #define HAVE_SYS_TYPES_H 1
| #define HAVE_UNISTD_H 1
| #define STDC_HEADERS 1
| #define HAVE_LIBINTL_H 1
| #define HAVE_STDLIB_H 1
| #define HAVE_STRING_H 1
| #define HAVE_SYSLOG_H 1
| #define HAVE_UNISTD_H 1
| #define HAVE_WCHAR_H 1
| #define HAVE_SYS_TIME_H 1
| #define HAVE_FORK 1
| #define HAVE_VFORK 1
| #define HAVE_VPRINTF 1
| #define HAVE_WORKING_VFORK 1
| #define HAVE_WORKING_FORK 1
| #define HAVE_MALLOC 1
| #define HAVE_MEMSET 1
| #define HAVE_STRRCHR 1
| #define HAVE_PATHCONF 1
| #define HAVE_REALPATH 1
| #define HAVE_STRERROR 1
| #define GETTEXT_PACKAGE "tpad"
| #define HAVE_LOCALE_H 1
| #define HAVE_LC_MESSAGES 1
| #define HAVE_CFPREFERENCESCOPYAPPVALUE 1
| #define HAVE_CFLOCALECOPYCURRENT 1
| #define HAVE_BIND_TEXTDOMAIN_CODESET 1
| #define HAVE_GETTEXT 1
| #define HAVE_DCGETTEXT 1
| #define ENABLE_NLS 1
| #define HAVE_BIND_TEXTDOMAIN_CODESET 1
| /* end confdefs.h.  */
| #include <stddef.h>
| #ifdef HAVE_STDIO_H
| # include <stdio.h>
| #endif
| #ifdef HAVE_STDLIB_H
| # include <stdlib.h>
| #endif
| #ifdef HAVE_STRING_H
| # include <string.h>
| #endif
| #ifdef HAVE_INTTYPES_H
| # include <inttypes.h>
| #endif
| #ifdef HAVE_STDINT_H
| # include <stdint.h>
| #endif
| #ifdef HAVE_STRINGS_H
| # include <strings.h>
| #endif
| #ifdef HAVE_SYS_TYPES_H
| # include <sys/types.h>
| #endif
| #ifdef HAVE_SYS_STAT_H
| # include <sys/stat.h>
| #endif
| #ifdef HAVE_UNISTD_H
| # include <unistd.h>
| #endif
| #include <magic.h>
configure:8415: result: no
configure:8506: checking for grep that handles long lines and -e
configure:8572: result: /usr/local/bin/grep
configure:8580: checking for egrep
configure:8650: result: /usr/local/bin/grep -E
configure:8660: checking for an ANSI C-conforming const
configure:8727: gcc -c -g -O2  conftest.c >&5
configure:8727: $? = 0
configure:8737: result: yes
configure:8746: checking for size_t
configure:8746: result: yes
configure:8760: checking for working memcmp
configure:8805: gcc -o conftest -g -O2   conftest.c  >&5
configure:8805: $? = 0
configure:8805: ./conftest
configure:8805: $? = 0
configure:8819: result: yes
configure:8843: checking for symlink
configure:8843: gcc -o conftest -g -O2   conftest.c  >&5
configure:8843: $? = 0
configure:8843: result: yes
configure:8849: checking for readlink
configure:8849: gcc -o conftest -g -O2   conftest.c  >&5
configure:8849: $? = 0
configure:8849: result: yes
configure:8859: checking for sys/utsname.h
configure:8859: gcc -c -g -O2  conftest.c >&5
configure:8859: $? = 0
configure:8859: result: yes
configure:8863: checking for uname
configure:8863: gcc -o conftest -g -O2   conftest.c  >&5
configure:8863: $? = 0
configure:8863: result: yes
configure:8926: checking how to print strings
configure:8953: result: printf
configure:8974: checking for a sed that does not truncate output
configure:9046: result: /usr/local/bin/sed
configure:9064: checking for fgrep
configure:9134: result: /usr/local/bin/grep -F
configure:9171: checking for ld used by gcc
configure:9240: result: /Applications/Xcode.app/Contents/Developer/Toolchains/XcodeDefault.xctoolchain/usr/bin/ld
configure:9247: checking if the linker (/Applications/Xcode.app/Contents/Developer/Toolchains/XcodeDefault.xctoolchain/usr/bin/ld) is GNU ld
configure:9264: result: no
configure:9276: checking for BSD- or MS-compatible name lister (nm)
configure:9332: result: /usr/local/bin/nm -B
configure:9474: checking the name lister (/usr/local/bin/nm -B) interface
configure:9482: gcc -c -g -O2  conftest.c >&5
configure:9485: /usr/local/bin/nm -B "conftest.o"
configure:9488: output
000000000000025c S _some_variable
0000000000000000 t ltmp0
000000000000025c s ltmp1
configure:9496: result: BSD nm
configure:9500: checking the maximum length of command line arguments
configure:9633: result: 786432
configure:9681: checking how to convert arm-apple-darwin24.5.0 file names to arm-apple-darwin24.5.0 format
configure:9723: result: func_convert_file_noop
configure:9730: checking how to convert arm-apple-darwin24.5.0 file names to toolchain format
configure:9752: result: func_convert_file_noop
configure:9759: checking for /Applications/Xcode.app/Contents/Developer/Toolchains/XcodeDefault.xctoolchain/usr/bin/ld option to reload object files
configure:9768: result: -r
configure:9801: checking for file
configure:9822: found /usr/bin/file
configure:9835: result: file
configure:9898: checking for objdump
configure:9919: found /usr/local/bin/objdump
configure:9931: result: objdump
configure:9963: checking how to recognize dependent libraries
configure:10172: result: pass_all
configure:10263: checking for dlltool
configure:10284: found /usr/local/bin/dlltool
configure:10296: result: dlltool
configure:10329: checking how to associate runtime and link libraries
configure:10358: result: printf %s\n
configure:10424: checking for ar
configure:10445: found /usr/local/bin/ar
configure:10457: result: ar
configure:10510: checking for archiver @FILE support
configure:10528: gcc -c -g -O2  conftest.c >&5
configure:10528: $? = 0
configure:10532: ar cr libconftest.a @conftest.lst >&5
configure:10535: $? = 0
configure:10540: ar cr libconftest.a @conftest.lst >&5
ar: error: conftest.o: No such file or directory
configure:10543: $? = 1
configure:10556: result: @
configure:10620: checking for strip
configure:10641: found /usr/local/bin/strip
configure:10653: result: strip
configure:10756: checking command to parse /usr/local/bin/nm -B output from gcc object
configure:10910: gcc -c -g -O2  conftest.c >&5
configure:10913: $? = 0
configure:10917: /usr/local/bin/nm -B conftest.o | /usr/local/bin/sed -n -e 's/^.*[	 ]\([ABCDGIRSTW][ABCDGIRSTW]*\)[	 ][	 ]*\([_A-Za-z][_A-Za-z0-9]*\)$/\1 \2 \2/p' | /usr/local/bin/sed '/ __gnu_lto/d' > conftest.nm
cannot find nm_test_var in conftest.nm
configure:10910: gcc -c -g -O2  conftest.c >&5
configure:10913: $? = 0
configure:10917: /usr/local/bin/nm -B conftest.o | /usr/local/bin/sed -n -e 's/^.*[	 ]\([ABCDGIRSTW][ABCDGIRSTW]*\)[	 ][	 ]*_\([_A-Za-z][_A-Za-z0-9]*\)$/\1 _\2 \2/p' | /usr/local/bin/sed '/ __gnu_lto/d' > conftest.nm
configure:10983: gcc -o conftest -g -O2   conftest.c conftstm.o >&5
configure:10986: $? = 0
configure:11025: result: ok
configure:11072: checking for sysroot
configure:11106: result: no
configure:11113: checking for a working dd
configure:11158: result: /usr/local/bin/dd
configure:11162: checking how to truncate binary pipes
configure:11179: result: /usr/local/bin/dd bs=4096 count=1
configure:11519: checking for mt
configure:11555: result: no
configure:11575: checking if : is a manifest tool
configure:11582: : '-?'
configure:11591: result: no
configure:11653: checking for dsymutil
configure:11674: found /usr/local/bin/dsymutil
configure:11686: result: dsymutil
configure:11757: checking for nmedit
configure:11778: found /usr/bin/nmedit
configure:11790: result: nmedit
configure:11861: checking for lipo
configure:11882: found /usr/local/bin/lipo
configure:11894: result: lipo
configure:11965: checking for otool
configure:11986: found /usr/local/bin/otool
configure:11998: result: otool
configure:12069: checking for otool64
configure:12105: result: no
configure:12150: checking for -single_module linker flag
gcc -g -O2  -o libconftest.dylib -dynamiclib -Wl,-single_module conftest.c
ld: warning: -single_module is obsolete
configure:12185: result: no
configure:12190: checking for -no_fixup_chains linker flag
configure:12209: gcc -o conftest -g -O2   -Wl,-no_fixup_chains conftest.c  >&5
configure:12209: $? = 0
configure:12224: result: yes
configure:12227: checking for -exported_symbols_list linker flag
configure:12248: gcc -o conftest -g -O2   -Wl,-exported_symbols_list,conftest.sym conftest.c  >&5
configure:12248: $? = 0
configure:12261: result: yes
configure:12264: checking for -force_load linker flag
gcc -g -O2 -c -o conftest.o conftest.c
ar cr libconftest.a conftest.o
ranlib libconftest.a
gcc -g -O2  -o conftest conftest.c -Wl,-force_load,./libconftest.a
configure:12298: result: yes
configure:12384: checking for dlfcn.h
configure:12384: gcc -c -g -O2  conftest.c >&5
configure:12384: $? = 0
configure:12384: result: yes
configure:12698: checking for objdir
configure:12715: result: .libs
configure:12981: checking if gcc supports -fno-rtti -fno-exceptions
configure:13000: gcc -c -g -O2  -fno-rtti -fno-exceptions conftest.c >&5
configure:13004: $? = 0
configure:13018: result: yes
configure:13391: checking for gcc option to produce PIC
configure:13400: result: -fno-common -DPIC
configure:13408: checking if gcc PIC flag -fno-common -DPIC works
configure:13427: gcc -c -g -O2  -fno-common -DPIC -DPIC conftest.c >&5
configure:13431: $? = 0
configure:13445: result: yes
configure:13474: checking if gcc static flag -static works
configure:13504: result: no
configure:13519: checking if gcc supports -c -o file.o
configure:13541: gcc -c -g -O2  -o out/conftest2.o conftest.c >&5
configure:13545: $? = 0
configure:13568: result: yes
configure:13576: checking if gcc supports -c -o file.o
configure:13625: result: yes
configure:13658: checking whether the gcc linker (/Applications/Xcode.app/Contents/Developer/Toolchains/XcodeDefault.xctoolchain/usr/bin/ld) supports shared libraries
configure:14942: result: yes
configure:15184: checking dynamic linker characteristics
configure:16568: result: darwin24.5.0 dyld
configure:16690: checking how to hardcode library paths into programs
configure:16715: result: immediate
configure:17315: checking whether stripping libraries is possible
configure:17324: result: yes
configure:17366: checking if libtool supports shared libraries
configure:17368: result: yes
configure:17371: checking whether to build shared libraries
configure:17396: result: yes
configure:17399: checking whether to build static libraries
configure:17403: result: yes
configure:17426: checking how to run the C++ preprocessor
configure:17448: g++ -E  conftest.cpp
configure:17448: $? = 0
configure:17464: g++ -E  conftest.cpp
conftest.cpp:55:10: fatal error: 'ac_nonexistent.h' file not found
   55 | #include <ac_nonexistent.h>
      |          ^~~~~~~~~~~~~~~~~~
1 error generated.
configure:17464: $? = 1
configure: failed program was:
| /* confdefs.h */
| #define PACKAGE_NAME "tpad"
| #define PACKAGE_TARNAME "tpad"
| #define PACKAGE_VERSION "7.0.0.0"
| #define PACKAGE_STRING "tpad 7.0.0.0"
| #define PACKAGE_BUGREPORT "https://bugs.launchpad.net/tpad-project/+filebug"
| #define PACKAGE_URL ""
| #define PACKAGE "tpad"
| #define VERSION "7.0.0.0"
| #define HAVE_STDIO_H 1
| #define HAVE_STDLIB_H 1
| #define HAVE_STRING_H 1
| #define HAVE_INTTYPES_H 1
| #define HAVE_STDINT_H 1
| #define HAVE_STRINGS_H 1
| #define HAVE_SYS_STAT_H 1
| #define HAVE_SYS_TYPES_H 1
| #define HAVE_UNISTD_H 1
| #define STDC_HEADERS 1
| #define HAVE_LIBINTL_H 1
| #define HAVE_STDLIB_H 1
| #define HAVE_STRING_H 1
| #define HAVE_SYSLOG_H 1
| #define HAVE_UNISTD_H 1
| #define HAVE_WCHAR_H 1
| #define HAVE_SYS_TIME_H 1
| #define HAVE_FORK 1
| #define HAVE_VFORK 1
| #define HAVE_VPRINTF 1
| #define HAVE_WORKING_VFORK 1
| #define HAVE_WORKING_FORK 1
| #define HAVE_MALLOC 1
| #define HAVE_MEMSET 1
| #define HAVE_STRRCHR 1
| #define HAVE_PATHCONF 1
| #define HAVE_REALPATH 1
| #define HAVE_STRERROR 1
| #define GETTEXT_PACKAGE "tpad"
| #define HAVE_LOCALE_H 1
| #define HAVE_LC_MESSAGES 1
| #define HAVE_CFPREFERENCESCOPYAPPVALUE 1
| #define HAVE_CFLOCALECOPYCURRENT 1
| #define HAVE_BIND_TEXTDOMAIN_CODESET 1
| #define HAVE_GETTEXT 1
| #define HAVE_DCGETTEXT 1
| #define ENABLE_NLS 1
| #define HAVE_BIND_TEXTDOMAIN_CODESET 1
| #define HAVE_SYMLINK 1
| #define HAVE_READLINK 1
| #define HAVE_SYS_UTSNAME_H 1
| #define HAVE_UNAME 1
| #define HAVE_DLFCN_H 1
| #define LT_OBJDIR ".libs/"
| /* end confdefs.h.  */
| #include <ac_nonexistent.h>
configure:17493: result: g++ -E
configure:17507: g++ -E  conftest.cpp
configure:17507: $? = 0
configure:17523: g++ -E  conftest.cpp
conftest.cpp:55:10: fatal error: 'ac_nonexistent.h' file not found
   55 | #include <ac_nonexistent.h>
      |          ^~~~~~~~~~~~~~~~~~
1 error generated.
configure:17523: $? = 1
configure: failed program was:
| /* confdefs.h */
| #define PACKAGE_NAME "tpad"
| #define PACKAGE_TARNAME "tpad"
| #define PACKAGE_VERSION "7.0.0.0"
| #define PACKAGE_STRING "tpad 7.0.0.0"
| #define PACKAGE_BUGREPORT "https://bugs.launchpad.net/tpad-project/+filebug"
| #define PACKAGE_URL ""
| #define PACKAGE "tpad"
| #define VERSION "7.0.0.0"
| #define HAVE_STDIO_H 1
| #define HAVE_STDLIB_H 1
| #define HAVE_STRING_H 1
| #define HAVE_INTTYPES_H 1
| #define HAVE_STDINT_H 1
| #define HAVE_STRINGS_H 1
| #define HAVE_SYS_STAT_H 1
| #define HAVE_SYS_TYPES_H 1
| #define HAVE_UNISTD_H 1
| #define STDC_HEADERS 1
| #define HAVE_LIBINTL_H 1
| #define HAVE_STDLIB_H 1
| #define HAVE_STRING_H 1
| #define HAVE_SYSLOG_H 1
| #define HAVE_UNISTD_H 1
| #define HAVE_WCHAR_H 1
| #define HAVE_SYS_TIME_H 1
| #define HAVE_FORK 1
| #define HAVE_VFORK 1
| #define HAVE_VPRINTF 1
| #define HAVE_WORKING_VFORK 1
| #define HAVE_WORKING_FORK 1
| #define HAVE_MALLOC 1
| #define HAVE_MEMSET 1
| #define HAVE_STRRCHR 1
| #define HAVE_PATHCONF 1
| #define HAVE_REALPATH 1
| #define HAVE_STRERROR 1
| #define GETTEXT_PACKAGE "tpad"
| #define HAVE_LOCALE_H 1
| #define HAVE_LC_MESSAGES 1
| #define HAVE_CFPREFERENCESCOPYAPPVALUE 1
| #define HAVE_CFLOCALECOPYCURRENT 1
| #define HAVE_BIND_TEXTDOMAIN_CODESET 1
| #define HAVE_GETTEXT 1
| #define HAVE_DCGETTEXT 1
| #define ENABLE_NLS 1
| #define HAVE_BIND_TEXTDOMAIN_CODESET 1
| #define HAVE_SYMLINK 1
| #define HAVE_READLINK 1
| #define HAVE_SYS_UTSNAME_H 1
| #define HAVE_UNAME 1
| #define HAVE_DLFCN_H 1
| #define LT_OBJDIR ".libs/"
| /* end confdefs.h.  */
| #include <ac_nonexistent.h>
configure:17691: checking for ld used by g++
configure:17760: result: /Applications/Xcode.app/Contents/Developer/Toolchains/XcodeDefault.xctoolchain/usr/bin/ld
configure:17767: checking if the linker (/Applications/Xcode.app/Contents/Developer/Toolchains/XcodeDefault.xctoolchain/usr/bin/ld) is GNU ld
configure:17784: result: no
configure:17838: checking whether the g++ linker (/Applications/Xcode.app/Contents/Developer/Toolchains/XcodeDefault.xctoolchain/usr/bin/ld) supports shared libraries
configure:18926: result: yes
configure:18962: g++ -c -g -O2  conftest.cpp >&5
configure:18965: $? = 0
configure:19451: checking for g++ option to produce PIC
configure:19460: result: -fno-common -DPIC
configure:19468: checking if g++ PIC flag -fno-common -DPIC works
configure:19487: g++ -c -g -O2  -fno-common -DPIC -DPIC conftest.cpp >&5
configure:19491: $? = 0
configure:19505: result: yes
configure:19528: checking if g++ static flag -static works
configure:19558: result: no
configure:19570: checking if g++ supports -c -o file.o
configure:19592: g++ -c -g -O2  -o out/conftest2.o conftest.cpp >&5
configure:19596: $? = 0
configure:19619: result: yes
configure:19624: checking if g++ supports -c -o file.o
configure:19673: result: yes
configure:19703: checking whether the g++ linker (/Applications/Xcode.app/Contents/Developer/Toolchains/XcodeDefault.xctoolchain/usr/bin/ld) supports shared libraries
configure:19743: result: yes
configure:19886: checking dynamic linker characteristics
configure:21180: result: darwin24.5.0 dyld
configure:21245: checking how to hardcode library paths into programs
configure:21270: result: immediate
configure:21453: checking pkg-config is at least version 0.9.0
configure:21456: result: yes
configure:21466: checking for  gucharmap-2.90 pixman-1 gdk-pixbuf-2.0 uuid freetype2 icu-i18n gtksourceview-5 gtk4 libspelling-1 
configure:21473: $PKG_CONFIG --exists --print-errors " gucharmap-2.90 pixman-1 gdk-pixbuf-2.0 uuid freetype2 icu-i18n gtksourceview-5 gtk4 libspelling-1 "
Package gucharmap-2.90 was not found in the pkg-config search path.
Perhaps you should add the directory containing `gucharmap-2.90.pc'
to the PKG_CONFIG_PATH environment variable
No package 'gucharmap-2.90' found
Package gdk-pixbuf-2.0 was not found in the pkg-config search path.
Perhaps you should add the directory containing `gdk-pixbuf-2.0.pc'
to the PKG_CONFIG_PATH environment variable
No package 'gdk-pixbuf-2.0' found
Package uuid was not found in the pkg-config search path.
Perhaps you should add the directory containing `uuid.pc'
to the PKG_CONFIG_PATH environment variable
No package 'uuid' found
Package freetype2 was not found in the pkg-config search path.
Perhaps you should add the directory containing `freetype2.pc'
to the PKG_CONFIG_PATH environment variable
No package 'freetype2' found
Package icu-i18n was not found in the pkg-config search path.
Perhaps you should add the directory containing `icu-i18n.pc'
to the PKG_CONFIG_PATH environment variable
No package 'icu-i18n' found
Package gtksourceview-5 was not found in the pkg-config search path.
Perhaps you should add the directory containing `gtksourceview-5.pc'
to the PKG_CONFIG_PATH environment variable
No package 'gtksourceview-5' found
Package gtk4 was not found in the pkg-config search path.
Perhaps you should add the directory containing `gtk4.pc'
to the PKG_CONFIG_PATH environment variable
No package 'gtk4' found
Package libspelling-1 was not found in the pkg-config search path.
Perhaps you should add the directory containing `libspelling-1.pc'
to the PKG_CONFIG_PATH environment variable
No package 'libspelling-1' found
configure:21476: $? = 1
configure:21490: $PKG_CONFIG --exists --print-errors " gucharmap-2.90 pixman-1 gdk-pixbuf-2.0 uuid freetype2 icu-i18n gtksourceview-5 gtk4 libspelling-1 "
Package gucharmap-2.90 was not found in the pkg-config search path.
Perhaps you should add the directory containing `gucharmap-2.90.pc'
to the PKG_CONFIG_PATH environment variable
No package 'gucharmap-2.90' found
Package gdk-pixbuf-2.0 was not found in the pkg-config search path.
Perhaps you should add the directory containing `gdk-pixbuf-2.0.pc'
to the PKG_CONFIG_PATH environment variable
No package 'gdk-pixbuf-2.0' found
Package uuid was not found in the pkg-config search path.
Perhaps you should add the directory containing `uuid.pc'
to the PKG_CONFIG_PATH environment variable
No package 'uuid' found
Package freetype2 was not found in the pkg-config search path.
Perhaps you should add the directory containing `freetype2.pc'
to the PKG_CONFIG_PATH environment variable
No package 'freetype2' found
Package icu-i18n was not found in the pkg-config search path.
Perhaps you should add the directory containing `icu-i18n.pc'
to the PKG_CONFIG_PATH environment variable
No package 'icu-i18n' found
Package gtksourceview-5 was not found in the pkg-config search path.
Perhaps you should add the directory containing `gtksourceview-5.pc'
to the PKG_CONFIG_PATH environment variable
No package 'gtksourceview-5' found
Package gtk4 was not found in the pkg-config search path.
Perhaps you should add the directory containing `gtk4.pc'
to the PKG_CONFIG_PATH environment variable
No package 'gtk4' found
Package libspelling-1 was not found in the pkg-config search path.
Perhaps you should add the directory containing `libspelling-1.pc'
to the PKG_CONFIG_PATH environment variable
No package 'libspelling-1' found
configure:21493: $? = 1
configure:21507: result: no
No package 'gucharmap-2.90' found
No package 'gdk-pixbuf-2.0' found
No package 'uuid' found
No package 'freetype2' found
No package 'icu-i18n' found
No package 'gtksourceview-5' found
No package 'gtk4' found
No package 'libspelling-1' found
configure:21523: error: Package requirements ( gucharmap-2.90 pixman-1 gdk-pixbuf-2.0 uuid freetype2 icu-i18n gtksourceview-5 gtk4 libspelling-1 ) were not met:

No package 'gucharmap-2.90' found
No package 'gdk-pixbuf-2.0' found
No package 'uuid' found
No package 'freetype2' found
No package 'icu-i18n' found
No package 'gtksourceview-5' found
No package 'gtk4' found
No package 'libspelling-1' found

Consider adjusting the PKG_CONFIG_PATH environment variable if you
installed software in a non-standard prefix.

Alternatively, you may set the environment variables TPAD_CFLAGS
and TPAD_LIBS to avoid the need to call pkg-config.
See the pkg-config man page for more details.

## ---------------- ##
## Cache variables. ##
## ---------------- ##

ac_cv_build=arm-apple-darwin24.5.0
ac_cv_c_compiler_gnu=yes
ac_cv_c_const=yes
ac_cv_c_inline=inline
ac_cv_cxx_compiler_gnu=yes
ac_cv_env_CCC_set=
ac_cv_env_CCC_value=
ac_cv_env_CC_set=
ac_cv_env_CC_value=
ac_cv_env_CFLAGS_set=
ac_cv_env_CFLAGS_value=
ac_cv_env_CPPFLAGS_set=
ac_cv_env_CPPFLAGS_value=
ac_cv_env_CPP_set=
ac_cv_env_CPP_value=
ac_cv_env_CXXCPP_set=
ac_cv_env_CXXCPP_value=
ac_cv_env_CXXFLAGS_set=
ac_cv_env_CXXFLAGS_value=
ac_cv_env_CXX_set=
ac_cv_env_CXX_value=
ac_cv_env_LDFLAGS_set=
ac_cv_env_LDFLAGS_value=
ac_cv_env_LIBS_set=
ac_cv_env_LIBS_value=
ac_cv_env_LT_SYS_LIBRARY_PATH_set=
ac_cv_env_LT_SYS_LIBRARY_PATH_value=
ac_cv_env_PKG_CONFIG_LIBDIR_set=
ac_cv_env_PKG_CONFIG_LIBDIR_value=
ac_cv_env_PKG_CONFIG_PATH_set=
ac_cv_env_PKG_CONFIG_PATH_value=
ac_cv_env_PKG_CONFIG_set=
ac_cv_env_PKG_CONFIG_value=
ac_cv_env_TPAD_CFLAGS_set=
ac_cv_env_TPAD_CFLAGS_value=
ac_cv_env_TPAD_LIBS_set=
ac_cv_env_TPAD_LIBS_value=
ac_cv_env_build_alias_set=
ac_cv_env_build_alias_value=
ac_cv_env_host_alias_set=
ac_cv_env_host_alias_value=
ac_cv_env_target_alias_set=
ac_cv_env_target_alias_value=
ac_cv_func_bind_textdomain_codeset=yes
ac_cv_func_dcgettext=yes
ac_cv_func_fork=yes
ac_cv_func_fork_works=yes
ac_cv_func_malloc_0_nonnull=yes
ac_cv_func_memcmp_working=yes
ac_cv_func_memset=yes
ac_cv_func_pathconf=yes
ac_cv_func_readlink=yes
ac_cv_func_realpath=yes
ac_cv_func_strerror=yes
ac_cv_func_strrchr=yes
ac_cv_func_symlink=yes
ac_cv_func_uname=yes
ac_cv_func_vfork=yes
ac_cv_func_vfork_works=yes
ac_cv_func_vprintf=yes
ac_cv_header_dlfcn_h=yes
ac_cv_header_inttypes_h=yes
ac_cv_header_libintl_h=yes
ac_cv_header_locale_h=yes
ac_cv_header_magic_h=no
ac_cv_header_stdint_h=yes
ac_cv_header_stdio_h=yes
ac_cv_header_stdlib_h=yes
ac_cv_header_string_h=yes
ac_cv_header_strings_h=yes
ac_cv_header_sys_stat_h=yes
ac_cv_header_sys_time_h=yes
ac_cv_header_sys_types_h=yes
ac_cv_header_sys_utsname_h=yes
ac_cv_header_syslog_h=yes
ac_cv_header_unistd_h=yes
ac_cv_header_vfork_h=no
ac_cv_header_wchar_h=yes
ac_cv_host=arm-apple-darwin24.5.0
ac_cv_lib_intl_bindtextdomain=yes
ac_cv_lib_intl_dgettext=yes
ac_cv_lib_intl_ngettext=yes
ac_cv_objext=o
ac_cv_path_EGREP='/usr/local/bin/grep -E'
ac_cv_path_EGREP_TRADITIONAL='/usr/local/bin/grep -E'
ac_cv_path_FGREP='/usr/local/bin/grep -F'
ac_cv_path_GMSGFMT=/usr/local/bin/msgfmt
ac_cv_path_GREP=/usr/local/bin/grep
ac_cv_path_INTLTOOL_EXTRACT=/usr/local/bin/intltool-extract
ac_cv_path_INTLTOOL_MERGE=/usr/local/bin/intltool-merge
ac_cv_path_INTLTOOL_PERL=/usr/bin/perl
ac_cv_path_INTLTOOL_UPDATE=/usr/local/bin/intltool-update
ac_cv_path_MSGFMT=/usr/local/bin/msgfmt
ac_cv_path_MSGMERGE=/usr/local/bin/msgmerge
ac_cv_path_PKG_CONFIG=/usr/local/bin/pkg-config
ac_cv_path_SED=/usr/local/bin/sed
ac_cv_path_XGETTEXT=/usr/local/bin/xgettext
ac_cv_path_install='/usr/local/bin/install -c'
ac_cv_path_lt_DD=/usr/local/bin/dd
ac_cv_path_mkdir=/usr/local/bin/mkdir
ac_cv_prog_AWK=gawk
ac_cv_prog_CPP='gcc -E'
ac_cv_prog_CXXCPP='g++ -E'
ac_cv_prog_FILECMD=file
ac_cv_prog_ac_ct_AR=ar
ac_cv_prog_ac_ct_CC=gcc
ac_cv_prog_ac_ct_CXX=g++
ac_cv_prog_ac_ct_DLLTOOL=dlltool
ac_cv_prog_ac_ct_DSYMUTIL=dsymutil
ac_cv_prog_ac_ct_LIPO=lipo
ac_cv_prog_ac_ct_NMEDIT=nmedit
ac_cv_prog_ac_ct_OBJDUMP=objdump
ac_cv_prog_ac_ct_OTOOL=otool
ac_cv_prog_ac_ct_RANLIB=ranlib
ac_cv_prog_ac_ct_STRIP=strip
ac_cv_prog_cc_c11=
ac_cv_prog_cc_g=yes
ac_cv_prog_cc_stdc=
ac_cv_prog_cxx_cxx11=
ac_cv_prog_cxx_g=yes
ac_cv_prog_cxx_stdcxx=
ac_cv_prog_make_make_set=yes
ac_cv_type_pid_t=yes
ac_cv_type_size_t=yes
am_cv_CC_dependencies_compiler_type=gcc3
am_cv_CXX_dependencies_compiler_type=gcc3
am_cv_filesystem_timestamp_resolution=2
am_cv_make_support_nested_variables=yes
am_cv_prog_cc_c_o=yes
am_cv_sleep_fractional_seconds=yes
am_cv_val_LC_MESSAGES=yes
am_cv_xargs_n_works=yes
gt_cv_func_CFLocaleCopyCurrent=yes
gt_cv_func_CFPreferencesCopyAppValue=yes
gt_cv_func_dgettext_libc=no
gt_cv_func_dgettext_libintl=yes
gt_cv_func_ngettext_libc=no
gt_cv_have_gettext=yes
lt_cv_apple_cc_single_mod=no
lt_cv_ar_at_file=@
lt_cv_deplibs_check_method=pass_all
lt_cv_file_magic_cmd='$MAGIC_CMD'
lt_cv_file_magic_test_file=
lt_cv_ld_exported_symbols_list=yes
lt_cv_ld_force_load=yes
lt_cv_ld_reload_flag=-r
lt_cv_nm_interface='BSD nm'
lt_cv_objdir=.libs
lt_cv_path_LD=/Applications/Xcode.app/Contents/Developer/Toolchains/XcodeDefault.xctoolchain/usr/bin/ld
lt_cv_path_LDCXX=/Applications/Xcode.app/Contents/Developer/Toolchains/XcodeDefault.xctoolchain/usr/bin/ld
lt_cv_path_NM='/usr/local/bin/nm -B'
lt_cv_path_manifest_tool=no
lt_cv_prog_compiler_c_o=yes
lt_cv_prog_compiler_c_o_CXX=yes
lt_cv_prog_compiler_pic='-fno-common -DPIC'
lt_cv_prog_compiler_pic_CXX='-fno-common -DPIC'
lt_cv_prog_compiler_pic_works=yes
lt_cv_prog_compiler_pic_works_CXX=yes
lt_cv_prog_compiler_rtti_exceptions=yes
lt_cv_prog_compiler_static_works=no
lt_cv_prog_compiler_static_works_CXX=no
lt_cv_prog_gnu_ld=no
lt_cv_prog_gnu_ldcxx=no
lt_cv_sharedlib_from_linklib_cmd='printf %s\n'
lt_cv_support_no_fixup_chains=yes
lt_cv_sys_global_symbol_pipe='/usr/local/bin/sed -n -e '\''s/^.*[	 ]\([ABCDGIRSTW][ABCDGIRSTW]*\)[	 ][	 ]*_\([_A-Za-z][_A-Za-z0-9]*\)$/\1 _\2 \2/p'\'' | /usr/local/bin/sed '\''/ __gnu_lto/d'\'''
lt_cv_sys_global_symbol_to_c_name_address='/usr/local/bin/sed -n -e '\''s/^: \(.*\) .*$/  {"\1", (void *) 0},/p'\'' -e '\''s/^[ABCDGIRSTW][ABCDGIRSTW]* .* \(.*\)$/  {"\1", (void *) \&\1},/p'\'''
lt_cv_sys_global_symbol_to_c_name_address_lib_prefix='/usr/local/bin/sed -n -e '\''s/^: \(.*\) .*$/  {"\1", (void *) 0},/p'\'' -e '\''s/^[ABCDGIRSTW][ABCDGIRSTW]* .* \(lib.*\)$/  {"\1", (void *) \&\1},/p'\'' -e '\''s/^[ABCDGIRSTW][ABCDGIRSTW]* .* \(.*\)$/  {"lib\1", (void *) \&\1},/p'\'''
lt_cv_sys_global_symbol_to_cdecl='/usr/local/bin/sed -n -e '\''s/^T .* \(.*\)$/extern int \1();/p'\'' -e '\''s/^[ABCDGIRSTW][ABCDGIRSTW]* .* \(.*\)$/extern char \1;/p'\'''
lt_cv_sys_global_symbol_to_import=
lt_cv_sys_max_cmd_len=786432
lt_cv_to_host_file_cmd=func_convert_file_noop
lt_cv_to_tool_file_cmd=func_convert_file_noop
lt_cv_truncate_bin='/usr/local/bin/dd bs=4096 count=1'

## ----------------- ##
## Output variables. ##
## ----------------- ##

ACLOCAL='${SHELL} '\''/Users/andrewsmith/REPO/tpad-project/missing'\'' aclocal-1.17'
ALL_LINGUAS=''
AMDEPBACKSLASH='\'
AMDEP_FALSE='#'
AMDEP_TRUE=''
AMTAR='$${TAR-tar}'
AM_BACKSLASH='\'
AM_DEFAULT_V=''
AM_DEFAULT_VERBOSITY='0'
AM_V=''
AR='ar'
AUTOCONF='${SHELL} '\''/Users/andrewsmith/REPO/tpad-project/missing'\'' autoconf'
AUTOHEADER='${SHELL} '\''/Users/andrewsmith/REPO/tpad-project/missing'\'' autoheader'
AUTOMAKE='${SHELL} '\''/Users/andrewsmith/REPO/tpad-project/missing'\'' automake-1.17'
AWK='gawk'
CATALOGS=''
CATOBJEXT='.gmo'
CC='gcc'
CCDEPMODE='depmode=gcc3'
CFLAGS='-g -O2'
CPP='gcc -E'
CPPFLAGS=''
CSCOPE='cscope'
CTAGS='ctags'
CXX='g++'
CXXCPP='g++ -E'
CXXDEPMODE='depmode=gcc3'
CXXFLAGS='-g -O2'
CYGPATH_W='echo'
DATADIRNAME='share'
DEFS=''
DEPDIR='.deps'
DLLTOOL='dlltool'
DSYMUTIL='dsymutil'
DUMPBIN=''
ECHO_C='\c'
ECHO_N=''
ECHO_T=''
EGREP='/usr/local/bin/grep -E'
ETAGS='etags'
EXEEXT=''
FGREP='/usr/local/bin/grep -F'
FILECMD='file'
GETTEXT_CODESET=''
GETTEXT_PACKAGE='tpad'
GMOFILES=''
GMSGFMT='/usr/local/bin/msgfmt'
GREP='/usr/local/bin/grep'
INSTALL_DATA='${INSTALL} -m 644'
INSTALL_PROGRAM='${INSTALL}'
INSTALL_SCRIPT='${INSTALL}'
INSTALL_STRIP_PROGRAM='$(install_sh) -c -s'
INSTOBJEXT='.mo'
INTLLIBS='-lintl  -Wl,-framework -Wl,CoreFoundation'
INTLTOOL_CAVES_RULE='%.caves:     %.caves.in     $(INTLTOOL_MERGE) $(wildcard $(top_srcdir)/po/*.po) ; $(INTLTOOL_V_MERGE)LC_ALL=C $(INTLTOOL_MERGE) $(INTLTOOL_V_MERGE_OPTIONS) -d -u -c $(top_builddir)/po/.intltool-merge-cache $(top_srcdir)/po $< $@'
INTLTOOL_DESKTOP_RULE='%.desktop:   %.desktop.in   $(INTLTOOL_MERGE) $(wildcard $(top_srcdir)/po/*.po) ; $(INTLTOOL_V_MERGE)LC_ALL=C $(INTLTOOL_MERGE) $(INTLTOOL_V_MERGE_OPTIONS) -d -u -c $(top_builddir)/po/.intltool-merge-cache $(top_srcdir)/po $< $@'
INTLTOOL_DIRECTORY_RULE='%.directory: %.directory.in $(INTLTOOL_MERGE) $(wildcard $(top_srcdir)/po/*.po) ; $(INTLTOOL_V_MERGE)LC_ALL=C $(INTLTOOL_MERGE) $(INTLTOOL_V_MERGE_OPTIONS) -d -u -c $(top_builddir)/po/.intltool-merge-cache $(top_srcdir)/po $< $@'
INTLTOOL_EXTRACT='/usr/local/bin/intltool-extract'
INTLTOOL_KBD_RULE='%.kbd:       %.kbd.in       $(INTLTOOL_MERGE) $(wildcard $(top_srcdir)/po/*.po) ; $(INTLTOOL_V_MERGE)LC_ALL=C $(INTLTOOL_MERGE) $(INTLTOOL_V_MERGE_OPTIONS) -x -u -m -c $(top_builddir)/po/.intltool-merge-cache $(top_srcdir)/po $< $@'
INTLTOOL_KEYS_RULE='%.keys:      %.keys.in      $(INTLTOOL_MERGE) $(wildcard $(top_srcdir)/po/*.po) ; $(INTLTOOL_V_MERGE)LC_ALL=C $(INTLTOOL_MERGE) $(INTLTOOL_V_MERGE_OPTIONS) -k -u -c $(top_builddir)/po/.intltool-merge-cache $(top_srcdir)/po $< $@'
INTLTOOL_MERGE='/usr/local/bin/intltool-merge'
INTLTOOL_OAF_RULE='%.oaf:       %.oaf.in       $(INTLTOOL_MERGE) $(wildcard $(top_srcdir)/po/*.po) ; $(INTLTOOL_V_MERGE)LC_ALL=C $(INTLTOOL_MERGE) $(INTLTOOL_V_MERGE_OPTIONS) -o -p $(top_srcdir)/po $< $@'
INTLTOOL_PERL='/usr/bin/perl'
INTLTOOL_POLICY_RULE='%.policy:    %.policy.in    $(INTLTOOL_MERGE) $(wildcard $(top_srcdir)/po/*.po) ; $(INTLTOOL_V_MERGE)LC_ALL=C $(INTLTOOL_MERGE) $(INTLTOOL_V_MERGE_OPTIONS) -x -u -c $(top_builddir)/po/.intltool-merge-cache $(top_srcdir)/po $< $@'
INTLTOOL_PONG_RULE='%.pong:      %.pong.in      $(INTLTOOL_MERGE) $(wildcard $(top_srcdir)/po/*.po) ; $(INTLTOOL_V_MERGE)LC_ALL=C $(INTLTOOL_MERGE) $(INTLTOOL_V_MERGE_OPTIONS) -x -u -c $(top_builddir)/po/.intltool-merge-cache $(top_srcdir)/po $< $@'
INTLTOOL_PROP_RULE='%.prop:      %.prop.in      $(INTLTOOL_MERGE) $(wildcard $(top_srcdir)/po/*.po) ; $(INTLTOOL_V_MERGE)LC_ALL=C $(INTLTOOL_MERGE) $(INTLTOOL_V_MERGE_OPTIONS) -d -u -c $(top_builddir)/po/.intltool-merge-cache $(top_srcdir)/po $< $@'
INTLTOOL_SCHEMAS_RULE='%.schemas:   %.schemas.in   $(INTLTOOL_MERGE) $(wildcard $(top_srcdir)/po/*.po) ; $(INTLTOOL_V_MERGE)LC_ALL=C $(INTLTOOL_MERGE) $(INTLTOOL_V_MERGE_OPTIONS) -s -u -c $(top_builddir)/po/.intltool-merge-cache $(top_srcdir)/po $< $@'
INTLTOOL_SERVER_RULE='%.server:    %.server.in    $(INTLTOOL_MERGE) $(wildcard $(top_srcdir)/po/*.po) ; $(INTLTOOL_V_MERGE)LC_ALL=C $(INTLTOOL_MERGE) $(INTLTOOL_V_MERGE_OPTIONS) -o -u -c $(top_builddir)/po/.intltool-merge-cache $(top_srcdir)/po $< $@'
INTLTOOL_SERVICE_RULE='%.service: %.service.in   $(INTLTOOL_MERGE) $(wildcard $(top_srcdir)/po/*.po) ; $(INTLTOOL_V_MERGE)LC_ALL=C $(INTLTOOL_MERGE) $(INTLTOOL_V_MERGE_OPTIONS) -d -u -c $(top_builddir)/po/.intltool-merge-cache $(top_srcdir)/po $< $@'
INTLTOOL_SHEET_RULE='%.sheet:     %.sheet.in     $(INTLTOOL_MERGE) $(wildcard $(top_srcdir)/po/*.po) ; $(INTLTOOL_V_MERGE)LC_ALL=C $(INTLTOOL_MERGE) $(INTLTOOL_V_MERGE_OPTIONS) -x -u -c $(top_builddir)/po/.intltool-merge-cache $(top_srcdir)/po $< $@'
INTLTOOL_SOUNDLIST_RULE='%.soundlist: %.soundlist.in $(INTLTOOL_MERGE) $(wildcard $(top_srcdir)/po/*.po) ; $(INTLTOOL_V_MERGE)LC_ALL=C $(INTLTOOL_MERGE) $(INTLTOOL_V_MERGE_OPTIONS) -d -u -c $(top_builddir)/po/.intltool-merge-cache $(top_srcdir)/po $< $@'
INTLTOOL_THEME_RULE='%.theme:     %.theme.in     $(INTLTOOL_MERGE) $(wildcard $(top_srcdir)/po/*.po) ; $(INTLTOOL_V_MERGE)LC_ALL=C $(INTLTOOL_MERGE) $(INTLTOOL_V_MERGE_OPTIONS) -d -u -c $(top_builddir)/po/.intltool-merge-cache $(top_srcdir)/po $< $@'
INTLTOOL_UI_RULE='%.ui:        %.ui.in        $(INTLTOOL_MERGE) $(wildcard $(top_srcdir)/po/*.po) ; $(INTLTOOL_V_MERGE)LC_ALL=C $(INTLTOOL_MERGE) $(INTLTOOL_V_MERGE_OPTIONS) -x -u -c $(top_builddir)/po/.intltool-merge-cache $(top_srcdir)/po $< $@'
INTLTOOL_UPDATE='/usr/local/bin/intltool-update'
INTLTOOL_V_MERGE='$(INTLTOOL__v_MERGE_$(V))'
INTLTOOL_V_MERGE_OPTIONS='$(intltool__v_merge_options_$(V))'
INTLTOOL_XAM_RULE='%.xam:       %.xml.in       $(INTLTOOL_MERGE) $(wildcard $(top_srcdir)/po/*.po) ; $(INTLTOOL_V_MERGE)LC_ALL=C $(INTLTOOL_MERGE) $(INTLTOOL_V_MERGE_OPTIONS) -x -u -c $(top_builddir)/po/.intltool-merge-cache $(top_srcdir)/po $< $@'
INTLTOOL_XML_NOMERGE_RULE='%.xml:       %.xml.in       $(INTLTOOL_MERGE) ; $(INTLTOOL_V_MERGE)LC_ALL=C $(INTLTOOL_MERGE) $(INTLTOOL_V_MERGE_OPTIONS) -x -u --no-translations $< $@'
INTLTOOL_XML_RULE='%.xml:       %.xml.in       $(INTLTOOL_MERGE) $(wildcard $(top_srcdir)/po/*.po) ; $(INTLTOOL_V_MERGE)LC_ALL=C $(INTLTOOL_MERGE) $(INTLTOOL_V_MERGE_OPTIONS) -x -u -c $(top_builddir)/po/.intltool-merge-cache $(top_srcdir)/po $< $@'
INTLTOOL__v_MERGE_0='@echo "  ITMRG " $@;'
INTLTOOL__v_MERGE_='$(INTLTOOL__v_MERGE_$(AM_DEFAULT_VERBOSITY))'
INTL_MACOSX_LIBS='-Wl,-framework -Wl,CoreFoundation'
LD='/Applications/Xcode.app/Contents/Developer/Toolchains/XcodeDefault.xctoolchain/usr/bin/ld'
LDFLAGS=''
LIBOBJS=''
LIBS=''
LIBTOOL='$(SHELL) $(top_builddir)/libtool'
LIPO='lipo'
LN_S='ln -s'
LTLIBOBJS=''
LT_SYS_LIBRARY_PATH=''
MAGIC_INCLUDES=''
MAGIC_LIBS=''
MAKEINFO='${SHELL} '\''/Users/andrewsmith/REPO/tpad-project/missing'\'' makeinfo'
MANIFEST_TOOL=':'
MKDIR_P='/usr/local/bin/mkdir -p'
MKINSTALLDIRS='.//mkinstalldirs'
MSGFMT='/usr/local/bin/msgfmt'
MSGFMTFLAGS=''
MSGFMT_OPTS='-c'
MSGMERGE='/usr/local/bin/msgmerge'
NM='/usr/local/bin/nm -B'
NMEDIT='nmedit'
NO_GETTEXT_CODESET='#'
OBJDUMP='objdump'
OBJEXT='o'
OTOOL64=':'
OTOOL='otool'
PACKAGE='tpad'
PACKAGE_BUGREPORT='https://bugs.launchpad.net/tpad-project/+filebug'
PACKAGE_NAME='tpad'
PACKAGE_STRING='tpad 7.0.0.0'
PACKAGE_TARNAME='tpad'
PACKAGE_URL=''
PACKAGE_VERSION='7.0.0.0'
PATH_SEPARATOR=':'
PKG_CONFIG='/usr/local/bin/pkg-config'
PKG_CONFIG_LIBDIR=''
PKG_CONFIG_PATH=''
POFILES=''
POSUB='po'
PO_IN_DATADIR_FALSE=''
PO_IN_DATADIR_TRUE=''
RANLIB='ranlib'
SED='/usr/local/bin/sed'
SET_MAKE=''
SHELL='/bin/sh'
STRIP='strip'
SWIG_LDFLAGS=''
TPAD_CFLAGS=''
TPAD_LIBS=''
USE_NLS='yes'
VERSION='7.0.0.0'
XGETTEXT='/usr/local/bin/xgettext'
abs_builddir='/Users/andrewsmith/REPO/tpad-project'
abs_srcdir='/Users/andrewsmith/REPO/tpad-project'
ac_ct_AR='ar'
ac_ct_CC='gcc'
ac_ct_CXX='g++'
ac_ct_DUMPBIN=''
am__EXEEXT_FALSE=''
am__EXEEXT_TRUE=''
am__fastdepCC_FALSE='#'
am__fastdepCC_TRUE=''
am__fastdepCXX_FALSE='#'
am__fastdepCXX_TRUE=''
am__include='include'
am__isrc=''
am__leading_dot='.'
am__nodep='_no'
am__quote=''
am__rm_f_notfound=''
am__tar='$${TAR-tar} chof - "$$tardir"'
am__untar='$${TAR-tar} xf -'
am__xargs_n='xargs -n'
bindir='${exec_prefix}/bin'
build='arm-apple-darwin24.5.0'
build_alias=''
build_cpu='arm'
build_os='darwin24.5.0'
build_vendor='apple'
canonicalized_srcdir=''
datadir='${datarootdir}'
datarootdir='${prefix}/share'
docdir='${datarootdir}/doc/${PACKAGE_TARNAME}'
dvidir='${docdir}'
exec_prefix='NONE'
host='arm-apple-darwin24.5.0'
host_alias=''
host_cpu='arm'
host_os='darwin24.5.0'
host_vendor='apple'
htmldir='${docdir}'
includedir='${prefix}/include'
infodir='${datarootdir}/info'
install_sh='${SHELL} /Users/andrewsmith/REPO/tpad-project/install-sh'
intltool__v_merge_options_0='-q'
intltool__v_merge_options_='$(intltool__v_merge_options_$(AM_DEFAULT_VERBOSITY))'
libdir='${exec_prefix}/lib'
libexecdir='${exec_prefix}/libexec'
localedir='${datarootdir}/locale'
localstatedir='${prefix}/var'
mandir='${datarootdir}/man'
mkdir_p='$(MKDIR_P)'
oldincludedir='/usr/include'
pdfdir='${docdir}'
prefix='NONE'
program_transform_name='s,x,x,'
psdir='${docdir}'
runstatedir='${localstatedir}/run'
sbindir='${exec_prefix}/sbin'
sharedstatedir='${prefix}/com'
sysconfdir='${prefix}/etc'
target_alias=''

## ----------- ##
## confdefs.h. ##
## ----------- ##

/* confdefs.h */
#define PACKAGE_NAME "tpad"
#define PACKAGE_TARNAME "tpad"
#define PACKAGE_VERSION "7.0.0.0"
#define PACKAGE_STRING "tpad 7.0.0.0"
#define PACKAGE_BUGREPORT "https://bugs.launchpad.net/tpad-project/+filebug"
#define PACKAGE_URL ""
#define PACKAGE "tpad"
#define VERSION "7.0.0.0"
#define HAVE_STDIO_H 1
#define HAVE_STDLIB_H 1
#define HAVE_STRING_H 1
#define HAVE_INTTYPES_H 1
#define HAVE_STDINT_H 1
#define HAVE_STRINGS_H 1
#define HAVE_SYS_STAT_H 1
#define HAVE_SYS_TYPES_H 1
#define HAVE_UNISTD_H 1
#define STDC_HEADERS 1
#define HAVE_LIBINTL_H 1
#define HAVE_STDLIB_H 1
#define HAVE_STRING_H 1
#define HAVE_SYSLOG_H 1
#define HAVE_UNISTD_H 1
#define HAVE_WCHAR_H 1
#define HAVE_SYS_TIME_H 1
#define HAVE_FORK 1
#define HAVE_VFORK 1
#define HAVE_VPRINTF 1
#define HAVE_WORKING_VFORK 1
#define HAVE_WORKING_FORK 1
#define HAVE_MALLOC 1
#define HAVE_MEMSET 1
#define HAVE_STRRCHR 1
#define HAVE_PATHCONF 1
#define HAVE_REALPATH 1
#define HAVE_STRERROR 1
#define GETTEXT_PACKAGE "tpad"
#define HAVE_LOCALE_H 1
#define HAVE_LC_MESSAGES 1
#define HAVE_CFPREFERENCESCOPYAPPVALUE 1
#define HAVE_CFLOCALECOPYCURRENT 1
#define HAVE_BIND_TEXTDOMAIN_CODESET 1
#define HAVE_GETTEXT 1
#define HAVE_DCGETTEXT 1
#define ENABLE_NLS 1
#define HAVE_BIND_TEXTDOMAIN_CODESET 1
#define HAVE_SYMLINK 1
#define HAVE_READLINK 1
#define HAVE_SYS_UTSNAME_H 1
#define HAVE_UNAME 1
#define HAVE_DLFCN_H 1
#define LT_OBJDIR ".libs/"

configure: exit 1
